This is pdfTeX, Version 3.14159265-2.6-1.40.20 (MiKTeX 2.9.6960 64-bit) (preloaded format=pdflatex 2019.3.2)  29 DEC 2019 23:02
entering extended mode
**./report_1.tex
(report_1.tex
LaTeX2e <2018-12-01>

("C:\Users\Aron\AppData\Local\Programs\MiKTeX 2.9\tex/latex/revtex\revtex4-1.cl
s"
Document Class: revtex4-1 2010/07/25/20:33:00 4.1r (http://publish.aps.org/revt
ex4/ for documentation)
 Copyright (c) 2009 The American Physical Society.
 mailto:revtex@aps.org
 Licensed under the LPPL:
http://www.ctan.org/tex-archive/macros/latex/base/lppl.txt
 Arthur Ogawa <arthur_ogawa at sbcglobal dot net>
 Based on work by David Carlisle <david at dcarlisle.demon.co.uk>.
ltxutil[2010/07/25/20:33:00 4.1r utilities package (portions licensed from W. E
. Baxter web at superscript.com)]
LaTeX Info: Redefining \@centercr on input line 308.
Class revtex4-1 Info: Repairing broken LaTeX eqnarray on input line 358.
\eqncolsep=\skip41
Class revtex4-1 Info: Repairing hyperref-unfriendly LaTeX definition of \mpfoot
note on input line 433.
Class revtex4-1 Info: Repairing broken LateX \@sect on input line 755.
\intertabularlinepenalty=\count80
\@tbpen=\count81
\@arstrutbox@hline=\box27
Class revtex4-1 Info: Repairing broken LaTeX \@xbitor on input line 1786.
Class revtex4-1 Info: Making \typeout \long on input line 2046.
ltxfront[2010/07/25/20:33:00 4.1r frontmatter package (AO,DPC)]
\c@affil=\count82
\c@collab=\count83
\absbox=\box28
ltxgrid[2010/07/25/20:33:00 4.1r page grid package (portions licensed from W. E
. Baxter web at superscript.com)]
\c@linecount=\count84
\output@latex=\toks14
\box@size@1=\box29
\box@size@2=\box30
\@protection@box=\box31
\@topmark@saved=\toks15
\footins@saved=\box32
\footins@recovered=\box33
\column@recovered=\box34
\pagesofar=\box35
\footsofar=\box36
\pagegrid@col=\count85
Class revtex4-1 Info: Overriding \@vspace, \@vspacer, \@no@pgbk, \@newline, and
 \\  on input line 5578.
\c@part=\count86
\c@section=\count87
\c@subsection=\count88
\c@subsubsection=\count89
\c@paragraph=\count90
\c@subparagraph=\count91
\abovecaptionskip=\skip42
\belowcaptionskip=\skip43
\c@figure=\count92
\fbox@1=\box37
\c@table=\count93
\fbox@2=\box38
\c@video=\count94
\fbox@4=\box39
\@bibdataout=\write3
\widetext@top=\box40
\widetext@bot=\box41

Class revtex4-1 Warning: No Society specified, using default society aps.

("C:\Users\Aron\AppData\Local\Programs\MiKTeX 2.9\tex/latex/revtex\aps4-1.rtx"
File: aps4-1 2010/07/25/20:33:00 4.1r (http://publish.aps.org/revtex4/ for docu
mentation)
Class revtex4-1 Info: RevTeX society APS selected on input line 31.
)

Class revtex4-1 Warning: No journal specified, using default pra.

Class revtex4-1 Info: APS journal PRA selected on input line 7545.

("C:\Users\Aron\AppData\Local\Programs\MiKTeX 2.9\tex/latex/revtex\aps10pt4-1.r
tx"
File: aps10pt4-1 2010/07/25/20:33:00 4.1r (http://publish.aps.org/revtex4/ for 
documentation)
Class revtex4-1 Info: RevTeX pointsize 10pt selected on input line 30.
)
("C:\Users\Aron\AppData\Local\Programs\MiKTeX 2.9\tex/latex/textcase\textcase.s
ty"
Package: textcase 2004/10/07 v0.07 Text only upper/lower case changing (DPC)
) ("C:\Users\Aron\AppData\Local\Programs\MiKTeX 2.9\tex/latex/url\url.sty"
\Urlmuskip=\muskip10
Package: url 2013/09/16  ver 3.4  Verb mode for urls, etc.
)
("C:\Users\Aron\AppData\Local\Programs\MiKTeX 2.9\tex/latex/natbib\natbib.sty"
Package: natbib 2010/09/13 8.31b (PWD, AO)
\bibhang=\skip44
\bibsep=\skip45
LaTeX Info: Redefining \cite on input line 694.
\c@NAT@ctr=\count95
)
Class revtex4-1 Info: Repairing natbib's \BibitemShut on input line 7549.

("C:\Users\Aron\AppData\Local\Programs\MiKTeX 2.9\tex/latex/revtex\revsymb4-1.s
ty"
Package: revsymb4-1 2010/07/25/20:33:00 4.1r (http://publish.aps.org/revtex4/ f
or documentation)
LaTeX Info: Redefining \REV@mathfrak on input line 119.
))
("C:\Users\Aron\AppData\Local\Programs\MiKTeX 2.9\tex/latex/base\inputenc.sty"
Package: inputenc 2018/08/11 v1.3c Input encoding file
\inpenc@prehook=\toks16
\inpenc@posthook=\toks17
) ("C:\Users\Aron\AppData\Local\Programs\MiKTeX 2.9\tex/generic/babel\babel.sty
"
Package: babel 2018/11/13 3.27 The Babel package
("C:\Users\Aron\AppData\Local\Programs\MiKTeX 2.9\tex/generic/babel\switch.def"
File: switch.def 2018/11/13 3.27 Babel switching mechanism
)
*************************************
* Local config file bblopts.cfg used
*
("C:\Users\Aron\AppData\Local\Programs\MiKTeX 2.9\tex/latex/arabi\bblopts.cfg"
File: bblopts.cfg 2005/09/08 v0.1 add Arabic and Farsi to "declared" options of
 babel
)
("C:\Users\Aron\AppData\Local\Programs\MiKTeX 2.9\tex/latex/babel-english\engli
sh.ldf"
Language: english 2017/06/06 v3.3r English support from the babel system

("C:\Users\Aron\AppData\Local\Programs\MiKTeX 2.9\tex/generic/babel\babel.def"
File: babel.def 2018/11/13 3.27 Babel common definitions
\babel@savecnt=\count96
\U@D=\dimen102

("C:\Users\Aron\AppData\Local\Programs\MiKTeX 2.9\tex/generic/babel\txtbabel.de
f")
\bbl@dirlevel=\count97
)
\l@canadian = a dialect from \language\l@american 
\l@australian = a dialect from \language\l@british 
\l@newzealand = a dialect from \language\l@british 
))
("C:\Users\Aron\AppData\Local\Programs\MiKTeX 2.9\tex/latex/siunitx\siunitx.sty
" ("C:\Users\Aron\AppData\Local\Programs\MiKTeX 2.9\tex/latex/l3kernel\expl3.st
y"
Package: expl3 2019-02-15 L3 programming layer (loader) 

("C:\Users\Aron\AppData\Local\Programs\MiKTeX 2.9\tex/latex/l3kernel\expl3-code
.tex"
Package: expl3 2019-02-15 L3 programming layer (code)
\c_max_int=\count98
\l_tmpa_int=\count99
\l_tmpb_int=\count100
\g_tmpa_int=\count101
\g_tmpb_int=\count102
\g__kernel_prg_map_int=\count103
\c_log_iow=\count104
\l_iow_line_count_int=\count105
\l__iow_line_target_int=\count106
\l__iow_one_indent_int=\count107
\l__iow_indent_int=\count108
\c_zero_dim=\dimen103
\c_max_dim=\dimen104
\l_tmpa_dim=\dimen105
\l_tmpb_dim=\dimen106
\g_tmpa_dim=\dimen107
\g_tmpb_dim=\dimen108
\c_zero_skip=\skip46
\c_max_skip=\skip47
\l_tmpa_skip=\skip48
\l_tmpb_skip=\skip49
\g_tmpa_skip=\skip50
\g_tmpb_skip=\skip51
\c_zero_muskip=\muskip11
\c_max_muskip=\muskip12
\l_tmpa_muskip=\muskip13
\l_tmpb_muskip=\muskip14
\g_tmpa_muskip=\muskip15
\g_tmpb_muskip=\muskip16
\l_keys_choice_int=\count109
\l__intarray_loop_int=\count110
\c__intarray_sp_dim=\dimen109
\g__intarray_font_int=\count111
\c__fp_leading_shift_int=\count112
\c__fp_middle_shift_int=\count113
\c__fp_trailing_shift_int=\count114
\c__fp_big_leading_shift_int=\count115
\c__fp_big_middle_shift_int=\count116
\c__fp_big_trailing_shift_int=\count117
\c__fp_Bigg_leading_shift_int=\count118
\c__fp_Bigg_middle_shift_int=\count119
\c__fp_Bigg_trailing_shift_int=\count120
\c__kernel_randint_max_int=\count121
\g__fp_array_int=\count122
\l__fp_array_loop_int=\count123
\l__sort_length_int=\count124
\l__sort_min_int=\count125
\l__sort_top_int=\count126
\l__sort_max_int=\count127
\l__sort_true_max_int=\count128
\l__sort_block_int=\count129
\l__sort_begin_int=\count130
\l__sort_end_int=\count131
\l__sort_A_int=\count132
\l__sort_B_int=\count133
\l__sort_C_int=\count134
\l__tl_analysis_normal_int=\count135
\l__tl_analysis_index_int=\count136
\l__tl_analysis_nesting_int=\count137
\l__tl_analysis_type_int=\count138
\l__regex_internal_a_int=\count139
\l__regex_internal_b_int=\count140
\l__regex_internal_c_int=\count141
\l__regex_balance_int=\count142
\l__regex_group_level_int=\count143
\l__regex_mode_int=\count144
\c__regex_cs_in_class_mode_int=\count145
\c__regex_cs_mode_int=\count146
\l__regex_catcodes_int=\count147
\l__regex_default_catcodes_int=\count148
\c__regex_catcode_D_int=\count149
\c__regex_catcode_S_int=\count150
\c__regex_catcode_L_int=\count151
\c__regex_catcode_O_int=\count152
\c__regex_catcode_A_int=\count153
\c__regex_all_catcodes_int=\count154
\l__regex_show_lines_int=\count155
\l__regex_min_state_int=\count156
\l__regex_max_state_int=\count157
\l__regex_left_state_int=\count158
\l__regex_right_state_int=\count159
\l__regex_capturing_group_int=\count160
\l__regex_min_pos_int=\count161
\l__regex_max_pos_int=\count162
\l__regex_curr_pos_int=\count163
\l__regex_start_pos_int=\count164
\l__regex_success_pos_int=\count165
\l__regex_curr_char_int=\count166
\l__regex_curr_catcode_int=\count167
\l__regex_last_char_int=\count168
\l__regex_case_changed_char_int=\count169
\l__regex_curr_state_int=\count170
\l__regex_step_int=\count171
\l__regex_min_active_int=\count172
\l__regex_max_active_int=\count173
\l__regex_replacement_csnames_int=\count174
\l__regex_match_count_int=\count175
\l__regex_min_submatch_int=\count176
\l__regex_submatch_int=\count177
\l__regex_zeroth_submatch_int=\count178
\g__regex_trace_regex_int=\count179
\c_empty_box=\box42
\l_tmpa_box=\box43
\l_tmpb_box=\box44
\g_tmpa_box=\box45
\g_tmpb_box=\box46
\l__box_top_dim=\dimen110
\l__box_bottom_dim=\dimen111
\l__box_left_dim=\dimen112
\l__box_right_dim=\dimen113
\l__box_top_new_dim=\dimen114
\l__box_bottom_new_dim=\dimen115
\l__box_left_new_dim=\dimen116
\l__box_right_new_dim=\dimen117
\l__box_internal_box=\box47
\l__coffin_internal_box=\box48
\l__coffin_internal_dim=\dimen118
\l__coffin_offset_x_dim=\dimen119
\l__coffin_offset_y_dim=\dimen120
\l__coffin_x_dim=\dimen121
\l__coffin_y_dim=\dimen122
\l__coffin_x_prime_dim=\dimen123
\l__coffin_y_prime_dim=\dimen124
\c_empty_coffin=\box49
\l__coffin_aligned_coffin=\box50
\l__coffin_aligned_internal_coffin=\box51
\l_tmpa_coffin=\box52
\l_tmpb_coffin=\box53
\g_tmpa_coffin=\box54
\g_tmpb_coffin=\box55
\c__coffin_empty_coffin=\box56
\l__coffin_display_coffin=\box57
\l__coffin_display_coord_coffin=\box58
\l__coffin_display_pole_coffin=\box59
\l__coffin_display_offset_dim=\dimen125
\l__coffin_display_x_dim=\dimen126
\l__coffin_display_y_dim=\dimen127
\g__file_internal_ior=\read1
\l__coffin_bounding_shift_dim=\dimen128
\l__coffin_left_corner_dim=\dimen129
\l__coffin_right_corner_dim=\dimen130
\l__coffin_bottom_corner_dim=\dimen131
\l__coffin_top_corner_dim=\dimen132
\l__coffin_scaled_total_height_dim=\dimen133
\l__coffin_scaled_width_dim=\dimen134
\l__seq_internal_a_int=\count180
\l__seq_internal_b_int=\count181
)
("C:\Users\Aron\AppData\Local\Programs\MiKTeX 2.9\tex/latex/l3kernel\l3pdfmode.
def"
File: l3pdfmode.def 2019-02-15 v L3 Experimental driver: PDF mode
\l__driver_color_stack_int=\count182
))
("C:\Users\Aron\AppData\Local\Programs\MiKTeX 2.9\tex/latex/l3packages/xparse\x
parse.sty"
Package: xparse 2018-10-17 L3 Experimental document command parser
\l__xparse_current_arg_int=\count183
\g__xparse_grabber_int=\count184
\l__xparse_m_args_int=\count185
\l__xparse_mandatory_args_int=\count186
\l__xparse_v_nesting_int=\count187
)
Package: siunitx 2018/05/17 v2.7s A comprehensive (SI) units package

("C:\Users\Aron\AppData\Local\Programs\MiKTeX 2.9\tex/latex/amsmath\amstext.sty
"
Package: amstext 2000/06/29 v2.01 AMS text
 ("C:\Users\Aron\AppData\Local\Programs\MiKTeX 2.9\tex/latex/amsmath\amsgen.sty
"
File: amsgen.sty 1999/11/30 v2.0 generic functions
\@emptytoks=\toks18
\ex@=\dimen135
)
LaTeX Info: Redefining \text on input line 28.
) ("C:\Users\Aron\AppData\Local\Programs\MiKTeX 2.9\tex/latex/tools\array.sty"
Package: array 2018/12/30 v2.4k Tabular extension package (FMi)
\col@sep=\dimen136
\ar@mcellbox=\box60
\extrarowheight=\dimen137
\NC@list=\toks19
\extratabsurround=\skip52
\backup@length=\skip53
\ar@cellbox=\box61
)
("C:\Users\Aron\AppData\Local\Programs\MiKTeX 2.9\tex/latex/l3packages/l3keys2e
\l3keys2e.sty"
Package: l3keys2e 2018-10-17 LaTeX2e option processing using LaTeX3 keys
)
\l__siunitx_tmp_box=\box62
\l__siunitx_tmp_dim=\dimen138
\l__siunitx_tmp_int=\count188
\l__siunitx_number_mantissa_length_int=\count189
\l__siunitx_number_uncert_length_int=\count190
\l__siunitx_round_int=\count191
\l__siunitx_process_decimal_int=\count192
\l__siunitx_process_uncertainty_int=\count193
\l__siunitx_process_fixed_int=\count194
\l__siunitx_process_integer_min_int=\count195
\l__siunitx_process_precision_int=\count196
\l__siunitx_group_min_int=\count197
\l__siunitx_angle_marker_box=\box63
\l__siunitx_angle_unit_box=\box64
\l__siunitx_angle_marker_dim=\dimen139
\l__siunitx_angle_unit_dim=\dimen140
\l__siunitx_unit_int=\count198
\l__siunitx_unit_denominator_int=\count199
\l__siunitx_unit_numerator_int=\count266
\l__siunitx_unit_prefix_int=\count267
\l__siunitx_unit_prefix_base_int=\count268
\l__siunitx_unit_prefix_gram_int=\count269
\l__siunitx_number_product_int=\count270
\c__siunitx_one_fill_skip=\skip54
\l__siunitx_table_unit_align_skip=\skip55
\l__siunitx_table_exponent_dim=\dimen141
\l__siunitx_table_integer_dim=\dimen142
\l__siunitx_table_mantissa_dim=\dimen143
\l__siunitx_table_marker_dim=\dimen144
\l__siunitx_table_result_dim=\dimen145
\l__siunitx_table_uncert_dim=\dimen146
\l__siunitx_table_fill_pre_dim=\dimen147
\l__siunitx_table_fill_post_dim=\dimen148
\l__siunitx_table_fill_mid_dim=\dimen149
\l__siunitx_table_pre_box=\box65
\l__siunitx_table_post_box=\box66
\l__siunitx_table_mantissa_box=\box67
\l__siunitx_table_result_box=\box68
\l__siunitx_table_number_align_skip=\skip56
\l__siunitx_table_text_align_skip=\skip57

("C:\Users\Aron\AppData\Local\Programs\MiKTeX 2.9\tex/latex/translator\translat
or.sty"
Package: translator 2018/01/04 v1.12 Easy translation of strings in LaTeX

("C:\Users\Aron\AppData\Local\Programs\MiKTeX 2.9\tex/latex/graphics\keyval.sty
"
Package: keyval 2014/10/28 v1.15 key=value parser (DPC)
\KV@toks@=\toks20
)))
("C:\Users\Aron\AppData\Local\Programs\MiKTeX 2.9\tex/latex/physics\physics.sty
"
Package: physics 

("C:\Users\Aron\AppData\Local\Programs\MiKTeX 2.9\tex/latex/amsmath\amsmath.sty
"
Package: amsmath 2018/12/01 v2.17b AMS math features
\@mathmargin=\skip58

For additional information on amsmath, use the `?' option.
("C:\Users\Aron\AppData\Local\Programs\MiKTeX 2.9\tex/latex/amsmath\amsbsy.sty"
Package: amsbsy 1999/11/29 v1.2d Bold Symbols
\pmbraise@=\dimen150
) ("C:\Users\Aron\AppData\Local\Programs\MiKTeX 2.9\tex/latex/amsmath\amsopn.st
y"
Package: amsopn 2016/03/08 v2.02 operator names
)
\inf@bad=\count271
LaTeX Info: Redefining \frac on input line 223.
\uproot@=\count272
\leftroot@=\count273
LaTeX Info: Redefining \overline on input line 385.
\classnum@=\count274
\DOTSCASE@=\count275
LaTeX Info: Redefining \ldots on input line 482.
LaTeX Info: Redefining \dots on input line 485.
LaTeX Info: Redefining \cdots on input line 606.
\Mathstrutbox@=\box69
\strutbox@=\box70
\big@size=\dimen151
LaTeX Font Info:    Redeclaring font encoding OML on input line 729.
LaTeX Font Info:    Redeclaring font encoding OMS on input line 730.
\macc@depth=\count276
\c@MaxMatrixCols=\count277
\dotsspace@=\muskip17
\c@parentequation=\count278
\dspbrk@lvl=\count279
\tag@help=\toks21
\row@=\count280
\column@=\count281
\maxfields@=\count282
\andhelp@=\toks22
\eqnshift@=\dimen152
\alignsep@=\dimen153
\tagshift@=\dimen154
\tagwidth@=\dimen155
\totwidth@=\dimen156
\lineht@=\dimen157
\@envbody=\toks23
\multlinegap=\skip59
\multlinetaggap=\skip60
\mathdisplay@stack=\toks24
LaTeX Info: Redefining \[ on input line 2844.
LaTeX Info: Redefining \] on input line 2845.
))
("C:\Users\Aron\AppData\Local\Programs\MiKTeX 2.9\tex/latex/amsfonts\amssymb.st
y"
Package: amssymb 2013/01/14 v3.01 AMS font symbols

("C:\Users\Aron\AppData\Local\Programs\MiKTeX 2.9\tex/latex/amsfonts\amsfonts.s
ty"
Package: amsfonts 2013/01/14 v3.01 Basic AMSFonts support
\symAMSa=\mathgroup4
\symAMSb=\mathgroup5
LaTeX Font Info:    Overwriting math alphabet `\mathfrak' in version `bold'
(Font)                  U/euf/m/n --> U/euf/b/n on input line 106.
LaTeX Info: Redefining \frak on input line 111.
LaTeX Info: Redefining \Bbb on input line 113.
))
("C:\Users\Aron\AppData\Local\Programs\MiKTeX 2.9\tex/latex/graphics\graphicx.s
ty"
Package: graphicx 2017/06/01 v1.1a Enhanced LaTeX Graphics (DPC,SPQR)

("C:\Users\Aron\AppData\Local\Programs\MiKTeX 2.9\tex/latex/graphics\graphics.s
ty"
Package: graphics 2017/06/25 v1.2c Standard LaTeX Graphics (DPC,SPQR)

("C:\Users\Aron\AppData\Local\Programs\MiKTeX 2.9\tex/latex/graphics\trig.sty"
Package: trig 2016/01/03 v1.10 sin cos tan (DPC)
)
("C:\Users\Aron\AppData\Local\Programs\MiKTeX 2.9\tex/latex/graphics-cfg\graphi
cs.cfg"
File: graphics.cfg 2016/06/04 v1.11 sample graphics configuration
)
Package graphics Info: Driver file: pdftex.def on input line 99.

("C:\Users\Aron\AppData\Local\Programs\MiKTeX 2.9\tex/latex/graphics-def\pdftex
.def"
File: pdftex.def 2018/01/08 v1.0l Graphics/color driver for pdftex
))
\Gin@req@height=\dimen158
\Gin@req@width=\dimen159
)
("C:\Users\Aron\AppData\Local\Programs\MiKTeX 2.9\tex/latex/xcolor\xcolor.sty"
Package: xcolor 2016/05/11 v2.12 LaTeX color extensions (UK)

("C:\Users\Aron\AppData\Local\Programs\MiKTeX 2.9\tex/latex/graphics-cfg\color.
cfg"
File: color.cfg 2016/01/02 v1.6 sample color configuration
)
Package xcolor Info: Driver file: pdftex.def on input line 225.
Package xcolor Info: Model `cmy' substituted by `cmy0' on input line 1348.
Package xcolor Info: Model `hsb' substituted by `rgb' on input line 1352.
Package xcolor Info: Model `RGB' extended on input line 1364.
Package xcolor Info: Model `HTML' substituted by `rgb' on input line 1366.
Package xcolor Info: Model `Hsb' substituted by `hsb' on input line 1367.
Package xcolor Info: Model `tHsb' substituted by `hsb' on input line 1368.
Package xcolor Info: Model `HSB' substituted by `hsb' on input line 1369.
Package xcolor Info: Model `Gray' substituted by `gray' on input line 1370.
Package xcolor Info: Model `wave' substituted by `hsb' on input line 1371.
)
("C:\Users\Aron\AppData\Local\Programs\MiKTeX 2.9\tex/latex/hyperref\hyperref.s
ty"
Package: hyperref 2018/11/30 v6.88e Hypertext links for LaTeX

("C:\Users\Aron\AppData\Local\Programs\MiKTeX 2.9\tex/generic/oberdiek\hobsub-h
yperref.sty"
Package: hobsub-hyperref 2016/05/16 v1.14 Bundle oberdiek, subset hyperref (HO)


("C:\Users\Aron\AppData\Local\Programs\MiKTeX 2.9\tex/generic/oberdiek\hobsub-g
eneric.sty"
Package: hobsub-generic 2016/05/16 v1.14 Bundle oberdiek, subset generic (HO)
Package: hobsub 2016/05/16 v1.14 Construct package bundles (HO)
Package: infwarerr 2016/05/16 v1.4 Providing info/warning/error messages (HO)
Package: ltxcmds 2016/05/16 v1.23 LaTeX kernel commands for general use (HO)
Package: ifluatex 2016/05/16 v1.4 Provides the ifluatex switch (HO)
Package ifluatex Info: LuaTeX not detected.
Package: ifvtex 2016/05/16 v1.6 Detect VTeX and its facilities (HO)
Package ifvtex Info: VTeX not detected.
Package: intcalc 2016/05/16 v1.2 Expandable calculations with integers (HO)
Package: ifpdf 2018/09/07 v3.3 Provides the ifpdf switch
Package: etexcmds 2016/05/16 v1.6 Avoid name clashes with e-TeX commands (HO)
Package: kvsetkeys 2016/05/16 v1.17 Key value parser (HO)
Package: kvdefinekeys 2016/05/16 v1.4 Define keys (HO)
Package: pdftexcmds 2018/09/10 v0.29 Utility functions of pdfTeX for LuaTeX (HO
)
Package pdftexcmds Info: LuaTeX not detected.
Package pdftexcmds Info: \pdf@primitive is available.
Package pdftexcmds Info: \pdf@ifprimitive is available.
Package pdftexcmds Info: \pdfdraftmode found.
Package: pdfescape 2016/05/16 v1.14 Implements pdfTeX's escape features (HO)
Package: bigintcalc 2016/05/16 v1.4 Expandable calculations on big integers (HO
)
Package: bitset 2016/05/16 v1.2 Handle bit-vector datatype (HO)
Package: uniquecounter 2016/05/16 v1.3 Provide unlimited unique counter (HO)
)
Package hobsub Info: Skipping package `hobsub' (already loaded).
Package: letltxmacro 2016/05/16 v1.5 Let assignment for LaTeX macros (HO)
Package: hopatch 2016/05/16 v1.3 Wrapper for package hooks (HO)
Package: xcolor-patch 2016/05/16 xcolor patch
Package: atveryend 2016/05/16 v1.9 Hooks at the very end of document (HO)
Package: atbegshi 2016/06/09 v1.18 At begin shipout hook (HO)
Package: refcount 2016/05/16 v3.5 Data extraction from label references (HO)
Package: hycolor 2016/05/16 v1.8 Color options for hyperref/bookmark (HO)
)
("C:\Users\Aron\AppData\Local\Programs\MiKTeX 2.9\tex/generic/ifxetex\ifxetex.s
ty"
Package: ifxetex 2010/09/12 v0.6 Provides ifxetex conditional
)
("C:\Users\Aron\AppData\Local\Programs\MiKTeX 2.9\tex/latex/oberdiek\auxhook.st
y"
Package: auxhook 2016/05/16 v1.4 Hooks for auxiliary files (HO)
)
("C:\Users\Aron\AppData\Local\Programs\MiKTeX 2.9\tex/latex/oberdiek\kvoptions.
sty"
Package: kvoptions 2016/05/16 v3.12 Key value format for package options (HO)
)
\@linkdim=\dimen160
\Hy@linkcounter=\count283
\Hy@pagecounter=\count284

("C:\Users\Aron\AppData\Local\Programs\MiKTeX 2.9\tex/latex/hyperref\pd1enc.def
"
File: pd1enc.def 2018/11/30 v6.88e Hyperref: PDFDocEncoding definition (HO)
Now handling font encoding PD1 ...
... no UTF-8 mapping file for font encoding PD1
)
\Hy@SavedSpaceFactor=\count285

("C:\Users\Aron\AppData\Local\Programs\MiKTeX 2.9\tex/latex/00miktex\hyperref.c
fg"
File: hyperref.cfg 2002/06/06 v1.2 hyperref configuration of TeXLive
)
Package hyperref Info: Hyper figures OFF on input line 4519.
Package hyperref Info: Link nesting OFF on input line 4524.
Package hyperref Info: Hyper index ON on input line 4527.
Package hyperref Info: Plain pages OFF on input line 4534.
Package hyperref Info: Backreferencing OFF on input line 4539.
Package hyperref Info: Implicit mode ON; LaTeX internals redefined.
Package hyperref Info: Bookmarks ON on input line 4772.
LaTeX Info: Redefining \href on input line 5036.
\c@Hy@tempcnt=\count286
LaTeX Info: Redefining \url on input line 5125.
\XeTeXLinkMargin=\dimen161
\Fld@menulength=\count287
\Field@Width=\dimen162
\Fld@charsize=\dimen163
Package hyperref Info: Hyper figures OFF on input line 6380.
Package hyperref Info: Link nesting OFF on input line 6385.
Package hyperref Info: Hyper index ON on input line 6388.
Package hyperref Info: backreferencing OFF on input line 6395.
Package hyperref Info: Link coloring OFF on input line 6400.
Package hyperref Info: Link coloring with OCG OFF on input line 6405.
Package hyperref Info: PDF/A mode OFF on input line 6410.
LaTeX Info: Redefining \ref on input line 6450.
LaTeX Info: Redefining \pageref on input line 6454.
\Hy@abspage=\count288
\c@Item=\count289
\c@Hfootnote=\count290
)
Package hyperref Info: Driver (autodetected): hpdftex.

("C:\Users\Aron\AppData\Local\Programs\MiKTeX 2.9\tex/latex/hyperref\hpdftex.de
f"
File: hpdftex.def 2018/11/30 v6.88e Hyperref driver for pdfTeX
\Fld@listcount=\count291
\c@bookmark@seq@number=\count292

("C:\Users\Aron\AppData\Local\Programs\MiKTeX 2.9\tex/latex/oberdiek\rerunfilec
heck.sty"
Package: rerunfilecheck 2016/05/16 v1.8 Rerun checks for auxiliary files (HO)
Package uniquecounter Info: New unique counter `rerunfilecheck' on input line 2
82.
)
\Hy@SectionHShift=\skip61
)
("C:\Users\Aron\AppData\Local\Programs\MiKTeX 2.9\tex/latex/pgf/frontendlayer\t
ikz.sty"
("C:\Users\Aron\AppData\Local\Programs\MiKTeX 2.9\tex/latex/pgf/basiclayer\pgf.
sty"
("C:\Users\Aron\AppData\Local\Programs\MiKTeX 2.9\tex/latex/pgf/utilities\pgfrc
s.sty"
("C:\Users\Aron\AppData\Local\Programs\MiKTeX 2.9\tex/generic/pgf/utilities\pgf
util-common.tex"
\pgfutil@everybye=\toks25
\pgfutil@tempdima=\dimen164
\pgfutil@tempdimb=\dimen165

("C:\Users\Aron\AppData\Local\Programs\MiKTeX 2.9\tex/generic/pgf/utilities\pgf
util-common-lists.tex"))
("C:\Users\Aron\AppData\Local\Programs\MiKTeX 2.9\tex/generic/pgf/utilities\pgf
util-latex.def"
\pgfutil@abb=\box71

("C:\Users\Aron\AppData\Local\Programs\MiKTeX 2.9\tex/latex/ms\everyshi.sty"
Package: everyshi 2001/05/15 v3.00 EveryShipout Package (MS)
))
("C:\Users\Aron\AppData\Local\Programs\MiKTeX 2.9\tex/generic/pgf/utilities\pgf
rcs.code.tex"
("C:\Users\Aron\AppData\Local\Programs\MiKTeX 2.9\tex/generic/pgf\pgf.revision.
tex")
Package: pgfrcs 2019/02/02 v3.1.1 (3.1.1)
))
Package: pgf 2019/02/02 v3.1.1 (3.1.1)

("C:\Users\Aron\AppData\Local\Programs\MiKTeX 2.9\tex/latex/pgf/basiclayer\pgfc
ore.sty"
("C:\Users\Aron\AppData\Local\Programs\MiKTeX 2.9\tex/latex/pgf/systemlayer\pgf
sys.sty"
("C:\Users\Aron\AppData\Local\Programs\MiKTeX 2.9\tex/generic/pgf/systemlayer\p
gfsys.code.tex"
Package: pgfsys 2019/02/02 v3.1.1 (3.1.1)

("C:\Users\Aron\AppData\Local\Programs\MiKTeX 2.9\tex/generic/pgf/utilities\pgf
keys.code.tex"
\pgfkeys@pathtoks=\toks26
\pgfkeys@temptoks=\toks27

("C:\Users\Aron\AppData\Local\Programs\MiKTeX 2.9\tex/generic/pgf/utilities\pgf
keysfiltered.code.tex"
\pgfkeys@tmptoks=\toks28
))
\pgf@x=\dimen166
\pgf@y=\dimen167
\pgf@xa=\dimen168
\pgf@ya=\dimen169
\pgf@xb=\dimen170
\pgf@yb=\dimen171
\pgf@xc=\dimen172
\pgf@yc=\dimen173
\w@pgf@writea=\write4
\r@pgf@reada=\read2
\c@pgf@counta=\count293
\c@pgf@countb=\count294
\c@pgf@countc=\count295
\c@pgf@countd=\count296
\t@pgf@toka=\toks29
\t@pgf@tokb=\toks30
\t@pgf@tokc=\toks31
\pgf@sys@id@count=\count297

("C:\Users\Aron\AppData\Local\Programs\MiKTeX 2.9\tex/generic/pgf/systemlayer\p
gf.cfg"
File: pgf.cfg 2019/02/02 v3.1.1 (3.1.1)
)
Driver file for pgf: pgfsys-pdftex.def

("C:\Users\Aron\AppData\Local\Programs\MiKTeX 2.9\tex/generic/pgf/systemlayer\p
gfsys-pdftex.def"
File: pgfsys-pdftex.def 2019/02/02 v3.1.1 (3.1.1)

("C:\Users\Aron\AppData\Local\Programs\MiKTeX 2.9\tex/generic/pgf/systemlayer\p
gfsys-common-pdf.def"
File: pgfsys-common-pdf.def 2019/02/02 v3.1.1 (3.1.1)
)))
("C:\Users\Aron\AppData\Local\Programs\MiKTeX 2.9\tex/generic/pgf/systemlayer\p
gfsyssoftpath.code.tex"
File: pgfsyssoftpath.code.tex 2019/02/02 v3.1.1 (3.1.1)
\pgfsyssoftpath@smallbuffer@items=\count298
\pgfsyssoftpath@bigbuffer@items=\count299
)
("C:\Users\Aron\AppData\Local\Programs\MiKTeX 2.9\tex/generic/pgf/systemlayer\p
gfsysprotocol.code.tex"
File: pgfsysprotocol.code.tex 2019/02/02 v3.1.1 (3.1.1)
))
("C:\Users\Aron\AppData\Local\Programs\MiKTeX 2.9\tex/generic/pgf/basiclayer\pg
fcore.code.tex"
Package: pgfcore 2019/02/02 v3.1.1 (3.1.1)

("C:\Users\Aron\AppData\Local\Programs\MiKTeX 2.9\tex/generic/pgf/math\pgfmath.
code.tex"
("C:\Users\Aron\AppData\Local\Programs\MiKTeX 2.9\tex/generic/pgf/math\pgfmathc
alc.code.tex"
("C:\Users\Aron\AppData\Local\Programs\MiKTeX 2.9\tex/generic/pgf/math\pgfmathu
til.code.tex")
("C:\Users\Aron\AppData\Local\Programs\MiKTeX 2.9\tex/generic/pgf/math\pgfmathp
arser.code.tex"
\pgfmath@dimen=\dimen174
\pgfmath@count=\count300
\pgfmath@box=\box72
\pgfmath@toks=\toks32
\pgfmath@stack@operand=\toks33
\pgfmath@stack@operation=\toks34
)
("C:\Users\Aron\AppData\Local\Programs\MiKTeX 2.9\tex/generic/pgf/math\pgfmathf
unctions.code.tex"
("C:\Users\Aron\AppData\Local\Programs\MiKTeX 2.9\tex/generic/pgf/math\pgfmathf
unctions.basic.code.tex")
("C:\Users\Aron\AppData\Local\Programs\MiKTeX 2.9\tex/generic/pgf/math\pgfmathf
unctions.trigonometric.code.tex")
("C:\Users\Aron\AppData\Local\Programs\MiKTeX 2.9\tex/generic/pgf/math\pgfmathf
unctions.random.code.tex")
("C:\Users\Aron\AppData\Local\Programs\MiKTeX 2.9\tex/generic/pgf/math\pgfmathf
unctions.comparison.code.tex")
("C:\Users\Aron\AppData\Local\Programs\MiKTeX 2.9\tex/generic/pgf/math\pgfmathf
unctions.base.code.tex")
("C:\Users\Aron\AppData\Local\Programs\MiKTeX 2.9\tex/generic/pgf/math\pgfmathf
unctions.round.code.tex")
("C:\Users\Aron\AppData\Local\Programs\MiKTeX 2.9\tex/generic/pgf/math\pgfmathf
unctions.misc.code.tex")
("C:\Users\Aron\AppData\Local\Programs\MiKTeX 2.9\tex/generic/pgf/math\pgfmathf
unctions.integerarithmetics.code.tex")))
("C:\Users\Aron\AppData\Local\Programs\MiKTeX 2.9\tex/generic/pgf/math\pgfmathf
loat.code.tex"
\c@pgfmathroundto@lastzeros=\count301
))
("C:\Users\Aron\AppData\Local\Programs\MiKTeX 2.9\tex/generic/pgf/basiclayer\pg
fcorepoints.code.tex"
File: pgfcorepoints.code.tex 2019/02/02 v3.1.1 (3.1.1)
\pgf@picminx=\dimen175
\pgf@picmaxx=\dimen176
\pgf@picminy=\dimen177
\pgf@picmaxy=\dimen178
\pgf@pathminx=\dimen179
\pgf@pathmaxx=\dimen180
\pgf@pathminy=\dimen181
\pgf@pathmaxy=\dimen182
\pgf@xx=\dimen183
\pgf@xy=\dimen184
\pgf@yx=\dimen185
\pgf@yy=\dimen186
\pgf@zx=\dimen187
\pgf@zy=\dimen188
)
("C:\Users\Aron\AppData\Local\Programs\MiKTeX 2.9\tex/generic/pgf/basiclayer\pg
fcorepathconstruct.code.tex"
File: pgfcorepathconstruct.code.tex 2019/02/02 v3.1.1 (3.1.1)
\pgf@path@lastx=\dimen189
\pgf@path@lasty=\dimen190
)
("C:\Users\Aron\AppData\Local\Programs\MiKTeX 2.9\tex/generic/pgf/basiclayer\pg
fcorepathusage.code.tex"
File: pgfcorepathusage.code.tex 2019/02/02 v3.1.1 (3.1.1)
\pgf@shorten@end@additional=\dimen191
\pgf@shorten@start@additional=\dimen192
)
("C:\Users\Aron\AppData\Local\Programs\MiKTeX 2.9\tex/generic/pgf/basiclayer\pg
fcorescopes.code.tex"
File: pgfcorescopes.code.tex 2019/02/02 v3.1.1 (3.1.1)
\pgfpic=\box73
\pgf@hbox=\box74
\pgf@layerbox@main=\box75
\pgf@picture@serial@count=\count302
)
("C:\Users\Aron\AppData\Local\Programs\MiKTeX 2.9\tex/generic/pgf/basiclayer\pg
fcoregraphicstate.code.tex"
File: pgfcoregraphicstate.code.tex 2019/02/02 v3.1.1 (3.1.1)
\pgflinewidth=\dimen193
)
("C:\Users\Aron\AppData\Local\Programs\MiKTeX 2.9\tex/generic/pgf/basiclayer\pg
fcoretransformations.code.tex"
File: pgfcoretransformations.code.tex 2019/02/02 v3.1.1 (3.1.1)
\pgf@pt@x=\dimen194
\pgf@pt@y=\dimen195
\pgf@pt@temp=\dimen196
)
("C:\Users\Aron\AppData\Local\Programs\MiKTeX 2.9\tex/generic/pgf/basiclayer\pg
fcorequick.code.tex"
File: pgfcorequick.code.tex 2019/02/02 v3.1.1 (3.1.1)
)
("C:\Users\Aron\AppData\Local\Programs\MiKTeX 2.9\tex/generic/pgf/basiclayer\pg
fcoreobjects.code.tex"
File: pgfcoreobjects.code.tex 2019/02/02 v3.1.1 (3.1.1)
)
("C:\Users\Aron\AppData\Local\Programs\MiKTeX 2.9\tex/generic/pgf/basiclayer\pg
fcorepathprocessing.code.tex"
File: pgfcorepathprocessing.code.tex 2019/02/02 v3.1.1 (3.1.1)
)
("C:\Users\Aron\AppData\Local\Programs\MiKTeX 2.9\tex/generic/pgf/basiclayer\pg
fcorearrows.code.tex"
File: pgfcorearrows.code.tex 2019/02/02 v3.1.1 (3.1.1)
\pgfarrowsep=\dimen197
)
("C:\Users\Aron\AppData\Local\Programs\MiKTeX 2.9\tex/generic/pgf/basiclayer\pg
fcoreshade.code.tex"
File: pgfcoreshade.code.tex 2019/02/02 v3.1.1 (3.1.1)
\pgf@max=\dimen198
\pgf@sys@shading@range@num=\count303
)
("C:\Users\Aron\AppData\Local\Programs\MiKTeX 2.9\tex/generic/pgf/basiclayer\pg
fcoreimage.code.tex"
File: pgfcoreimage.code.tex 2019/02/02 v3.1.1 (3.1.1)

("C:\Users\Aron\AppData\Local\Programs\MiKTeX 2.9\tex/generic/pgf/basiclayer\pg
fcoreexternal.code.tex"
File: pgfcoreexternal.code.tex 2019/02/02 v3.1.1 (3.1.1)
\pgfexternal@startupbox=\box76
))
("C:\Users\Aron\AppData\Local\Programs\MiKTeX 2.9\tex/generic/pgf/basiclayer\pg
fcorelayers.code.tex"
File: pgfcorelayers.code.tex 2019/02/02 v3.1.1 (3.1.1)
)
("C:\Users\Aron\AppData\Local\Programs\MiKTeX 2.9\tex/generic/pgf/basiclayer\pg
fcoretransparency.code.tex"
File: pgfcoretransparency.code.tex 2019/02/02 v3.1.1 (3.1.1)
)
("C:\Users\Aron\AppData\Local\Programs\MiKTeX 2.9\tex/generic/pgf/basiclayer\pg
fcorepatterns.code.tex"
File: pgfcorepatterns.code.tex 2019/02/02 v3.1.1 (3.1.1)
)
("C:\Users\Aron\AppData\Local\Programs\MiKTeX 2.9\tex/generic/pgf/basiclayer\pg
fcorerdf.code.tex"
File: pgfcorerdf.code.tex 2019/02/02 v3.1.1 (3.1.1)
)))
("C:\Users\Aron\AppData\Local\Programs\MiKTeX 2.9\tex/generic/pgf/modules\pgfmo
duleshapes.code.tex"
File: pgfmoduleshapes.code.tex 2019/02/02 v3.1.1 (3.1.1)
\pgfnodeparttextbox=\box77
)
("C:\Users\Aron\AppData\Local\Programs\MiKTeX 2.9\tex/generic/pgf/modules\pgfmo
duleplot.code.tex"
File: pgfmoduleplot.code.tex 2019/02/02 v3.1.1 (3.1.1)
)
("C:\Users\Aron\AppData\Local\Programs\MiKTeX 2.9\tex/latex/pgf/compatibility\p
gfcomp-version-0-65.sty"
Package: pgfcomp-version-0-65 2019/02/02 v3.1.1 (3.1.1)
\pgf@nodesepstart=\dimen199
\pgf@nodesepend=\dimen256
)
("C:\Users\Aron\AppData\Local\Programs\MiKTeX 2.9\tex/latex/pgf/compatibility\p
gfcomp-version-1-18.sty"
Package: pgfcomp-version-1-18 2019/02/02 v3.1.1 (3.1.1)
))
("C:\Users\Aron\AppData\Local\Programs\MiKTeX 2.9\tex/latex/pgf/utilities\pgffo
r.sty"
("C:\Users\Aron\AppData\Local\Programs\MiKTeX 2.9\tex/latex/pgf/utilities\pgfke
ys.sty"
("C:\Users\Aron\AppData\Local\Programs\MiKTeX 2.9\tex/generic/pgf/utilities\pgf
keys.code.tex"))
("C:\Users\Aron\AppData\Local\Programs\MiKTeX 2.9\tex/latex/pgf/math\pgfmath.st
y"
("C:\Users\Aron\AppData\Local\Programs\MiKTeX 2.9\tex/generic/pgf/math\pgfmath.
code.tex"))
("C:\Users\Aron\AppData\Local\Programs\MiKTeX 2.9\tex/generic/pgf/utilities\pgf
for.code.tex"
Package: pgffor 2019/02/02 v3.1.1 (3.1.1)

("C:\Users\Aron\AppData\Local\Programs\MiKTeX 2.9\tex/generic/pgf/math\pgfmath.
code.tex")
\pgffor@iter=\dimen257
\pgffor@skip=\dimen258
\pgffor@stack=\toks35
\pgffor@toks=\toks36
))
("C:\Users\Aron\AppData\Local\Programs\MiKTeX 2.9\tex/generic/pgf/frontendlayer
/tikz\tikz.code.tex"
Package: tikz 2019/02/02 v3.1.1 (3.1.1)

("C:\Users\Aron\AppData\Local\Programs\MiKTeX 2.9\tex/generic/pgf/libraries\pgf
libraryplothandlers.code.tex"
File: pgflibraryplothandlers.code.tex 2019/02/02 v3.1.1 (3.1.1)
\pgf@plot@mark@count=\count304
\pgfplotmarksize=\dimen259
)
\tikz@lastx=\dimen260
\tikz@lasty=\dimen261
\tikz@lastxsaved=\dimen262
\tikz@lastysaved=\dimen263
\tikzleveldistance=\dimen264
\tikzsiblingdistance=\dimen265
\tikz@figbox=\box78
\tikz@figbox@bg=\box79
\tikz@tempbox=\box80
\tikz@tempbox@bg=\box81
\tikztreelevel=\count305
\tikznumberofchildren=\count306
\tikznumberofcurrentchild=\count307
\tikz@fig@count=\count308

("C:\Users\Aron\AppData\Local\Programs\MiKTeX 2.9\tex/generic/pgf/modules\pgfmo
dulematrix.code.tex"
File: pgfmodulematrix.code.tex 2019/02/02 v3.1.1 (3.1.1)
\pgfmatrixcurrentrow=\count309
\pgfmatrixcurrentcolumn=\count310
\pgf@matrix@numberofcolumns=\count311
)
\tikz@expandcount=\count312

("C:\Users\Aron\AppData\Local\Programs\MiKTeX 2.9\tex/generic/pgf/frontendlayer
/tikz/libraries\tikzlibrarytopaths.code.tex"
File: tikzlibrarytopaths.code.tex 2019/02/02 v3.1.1 (3.1.1)
)))
("C:\Users\Aron\AppData\Local\Programs\MiKTeX 2.9\tex/latex/listings\listings.s
ty"
\lst@mode=\count313
\lst@gtempboxa=\box82
\lst@token=\toks37
\lst@length=\count314
\lst@currlwidth=\dimen266
\lst@column=\count315
\lst@pos=\count316
\lst@lostspace=\dimen267
\lst@width=\dimen268
\lst@newlines=\count317
\lst@lineno=\count318
\lst@maxwidth=\dimen269

("C:\Users\Aron\AppData\Local\Programs\MiKTeX 2.9\tex/latex/listings\lstmisc.st
y"
File: lstmisc.sty 2019/02/27 1.8b (Carsten Heinz)
\c@lstnumber=\count319
\lst@skipnumbers=\count320
\lst@framebox=\box83
)
("C:\Users\Aron\AppData\Local\Programs\MiKTeX 2.9\tex/latex/listings\listings.c
fg"
File: listings.cfg 2019/02/27 1.8b listings configuration
))
Package: listings 2019/02/27 1.8b (Carsten Heinz)

("C:\Users\Aron\AppData\Local\Programs\MiKTeX 2.9\tex/latex/subfigure\subfigure
.sty"
Package: subfigure 2002/07/30 v2.1.4 subfigure package
\subfigtopskip=\skip62
\subfigcapskip=\skip63
\subfigcaptopadj=\dimen270
\subfigbottomskip=\skip64
\subfigcapmargin=\dimen271
\subfiglabelskip=\skip65
\c@subfigure=\count321
\c@lofdepth=\count322
\c@subtable=\count323
\c@lotdepth=\count324

****************************************
* Local config file subfigure.cfg used *
****************************************

("C:\Users\Aron\AppData\Local\Programs\MiKTeX 2.9\tex/latex/subfigure\subfigure
.cfg")
\subfig@top=\skip66
\subfig@bottom=\skip67
)
Package hyperref Info: Option `colorlinks' set `true' on input line 30.

("C:\Users\Aron\AppData\Local\Programs\MiKTeX 2.9\tex/latex/listings\lstlang1.s
ty"
File: lstlang1.sty 2019/02/27 1.8b listings language file
)
Class revtex4-1 Info: Unrecognized array package. Please update this document c
lass! (Proceeding with fingers crossed.) on input line 83.
Class revtex4-1 Info: Robustifying \LaTeX's \boldmath command on input line 83.

Class revtex4-1 Info: cite was not loaded (OK!) on input line 83.
Class revtex4-1 Info: mcite was not loaded (OK!) on input line 83.
Class revtex4-1 Info: multicol was not loaded (OK!) on input line 83.
 (report_1.aux)
\openout1 = `report_1.aux'.

LaTeX Font Info:    Checking defaults for OML/cmm/m/it on input line 83.
LaTeX Font Info:    ... okay on input line 83.
LaTeX Font Info:    Checking defaults for T1/cmr/m/n on input line 83.
LaTeX Font Info:    ... okay on input line 83.
LaTeX Font Info:    Checking defaults for OT1/cmr/m/n on input line 83.
LaTeX Font Info:    ... okay on input line 83.
LaTeX Font Info:    Checking defaults for OMS/cmsy/m/n on input line 83.
LaTeX Font Info:    ... okay on input line 83.
LaTeX Font Info:    Checking defaults for OMX/cmex/m/n on input line 83.
LaTeX Font Info:    ... okay on input line 83.
LaTeX Font Info:    Checking defaults for U/cmr/m/n on input line 83.
LaTeX Font Info:    ... okay on input line 83.
LaTeX Font Info:    Checking defaults for PD1/pdf/m/n on input line 83.
LaTeX Font Info:    ... okay on input line 83.
Now handling font encoding TS1 ...
... processing UTF-8 mapping file for font encoding TS1

("C:\Users\Aron\AppData\Local\Programs\MiKTeX 2.9\tex/latex/base\ts1enc.dfu"
File: ts1enc.dfu 2018/10/05 v1.2f UTF-8 support for inputenc
   defining Unicode char U+00A2 (decimal 162)
   defining Unicode char U+00A3 (decimal 163)
   defining Unicode char U+00A4 (decimal 164)
   defining Unicode char U+00A5 (decimal 165)
   defining Unicode char U+00A6 (decimal 166)
   defining Unicode char U+00A7 (decimal 167)
   defining Unicode char U+00A8 (decimal 168)
   defining Unicode char U+00A9 (decimal 169)
   defining Unicode char U+00AA (decimal 170)
   defining Unicode char U+00AC (decimal 172)
   defining Unicode char U+00AE (decimal 174)
   defining Unicode char U+00AF (decimal 175)
   defining Unicode char U+00B0 (decimal 176)
   defining Unicode char U+00B1 (decimal 177)
   defining Unicode char U+00B2 (decimal 178)
   defining Unicode char U+00B3 (decimal 179)
   defining Unicode char U+00B4 (decimal 180)
   defining Unicode char U+00B5 (decimal 181)
   defining Unicode char U+00B6 (decimal 182)
   defining Unicode char U+00B7 (decimal 183)
   defining Unicode char U+00B9 (decimal 185)
   defining Unicode char U+00BA (decimal 186)
   defining Unicode char U+00BC (decimal 188)
   defining Unicode char U+00BD (decimal 189)
   defining Unicode char U+00BE (decimal 190)
   defining Unicode char U+00D7 (decimal 215)
   defining Unicode char U+00F7 (decimal 247)
   defining Unicode char U+0192 (decimal 402)
   defining Unicode char U+02C7 (decimal 711)
   defining Unicode char U+02D8 (decimal 728)
   defining Unicode char U+02DD (decimal 733)
   defining Unicode char U+0E3F (decimal 3647)
   defining Unicode char U+2016 (decimal 8214)
   defining Unicode char U+2020 (decimal 8224)
   defining Unicode char U+2021 (decimal 8225)
   defining Unicode char U+2022 (decimal 8226)
   defining Unicode char U+2030 (decimal 8240)
   defining Unicode char U+2031 (decimal 8241)
   defining Unicode char U+203B (decimal 8251)
   defining Unicode char U+203D (decimal 8253)
   defining Unicode char U+2044 (decimal 8260)
   defining Unicode char U+204E (decimal 8270)
   defining Unicode char U+2052 (decimal 8274)
   defining Unicode char U+20A1 (decimal 8353)
   defining Unicode char U+20A4 (decimal 8356)
   defining Unicode char U+20A6 (decimal 8358)
   defining Unicode char U+20A9 (decimal 8361)
   defining Unicode char U+20AB (decimal 8363)
   defining Unicode char U+20AC (decimal 8364)
   defining Unicode char U+20B1 (decimal 8369)
   defining Unicode char U+2103 (decimal 8451)
   defining Unicode char U+2116 (decimal 8470)
   defining Unicode char U+2117 (decimal 8471)
   defining Unicode char U+211E (decimal 8478)
   defining Unicode char U+2120 (decimal 8480)
   defining Unicode char U+2122 (decimal 8482)
   defining Unicode char U+2126 (decimal 8486)
   defining Unicode char U+2127 (decimal 8487)
   defining Unicode char U+212E (decimal 8494)
   defining Unicode char U+2190 (decimal 8592)
   defining Unicode char U+2191 (decimal 8593)
   defining Unicode char U+2192 (decimal 8594)
   defining Unicode char U+2193 (decimal 8595)
   defining Unicode char U+2329 (decimal 9001)
   defining Unicode char U+232A (decimal 9002)
   defining Unicode char U+2422 (decimal 9250)
   defining Unicode char U+25E6 (decimal 9702)
   defining Unicode char U+25EF (decimal 9711)
   defining Unicode char U+266A (decimal 9834)
   defining Unicode char U+FEFF (decimal 65279)
)
("C:\Users\Aron\AppData\Local\Programs\MiKTeX 2.9\tex/latex/translator\translat
or-basic-dictionary-English.dict"
Dictionary: translator-basic-dictionary, Language: English 
)
("C:\Users\Aron\AppData\Local\Programs\MiKTeX 2.9\tex/latex/siunitx\siunitx-abb
reviations.cfg"
File: siunitx-abbreviations.cfg 2017/11/26 v2.7k siunitx: Abbreviated units
)
("C:\Users\Aron\AppData\Local\Programs\MiKTeX 2.9\tex/context/base/mkii\supp-pd
f.mkii"
[Loading MPS to PDF converter (version 2006.09.02).]
\scratchcounter=\count325
\scratchdimen=\dimen272
\scratchbox=\box84
\nofMPsegments=\count326
\nofMParguments=\count327
\everyMPshowfont=\toks38
\MPscratchCnt=\count328
\MPscratchDim=\dimen273
\MPnumerator=\count329
\makeMPintoPDFobject=\count330
\everyMPtoPDFconversion=\toks39
)
("C:\Users\Aron\AppData\Local\Programs\MiKTeX 2.9\tex/latex/oberdiek\epstopdf-b
ase.sty"
Package: epstopdf-base 2016/05/15 v2.6 Base part for package epstopdf

("C:\Users\Aron\AppData\Local\Programs\MiKTeX 2.9\tex/latex/oberdiek\grfext.sty
"
Package: grfext 2016/05/16 v1.2 Manage graphics extensions (HO)
)
Package epstopdf-base Info: Redefining graphics rule for `.eps' on input line 4
38.
Package grfext Info: Graphics extension search list:
(grfext)             [.pdf,.png,.jpg,.mps,.jpeg,.jbig2,.jb2,.PDF,.PNG,.JPG,.JPE
G,.JBIG2,.JB2,.eps]
(grfext)             \AppendGraphicsExtensions on input line 456.
)
\AtBeginShipoutBox=\box85
Package hyperref Info: Link coloring ON on input line 83.

("C:\Users\Aron\AppData\Local\Programs\MiKTeX 2.9\tex/latex/hyperref\nameref.st
y"
Package: nameref 2016/05/21 v2.44 Cross-referencing by name of section

("C:\Users\Aron\AppData\Local\Programs\MiKTeX 2.9\tex/generic/oberdiek\gettitle
string.sty"
Package: gettitlestring 2016/05/16 v1.5 Cleanup title references (HO)
)
\c@section@level=\count331
)
LaTeX Info: Redefining \ref on input line 83.
LaTeX Info: Redefining \pageref on input line 83.
LaTeX Info: Redefining \nameref on input line 83.
 (report_1.out) (report_1.out)
\@outlinefile=\write5
\openout5 = `report_1.out'.


ABD: EveryShipout initializing macros
\c@lstlisting=\count332
Class revtex4-1 Info: Taking \maketitle back from hyperref on input line 83.
\openout3 = `report_1Notes.bib'.

LaTeX Font Info:    Try loading font information for U+msa on input line 83.

("C:\Users\Aron\AppData\Local\Programs\MiKTeX 2.9\tex/latex/amsfonts\umsa.fd"
File: umsa.fd 2013/01/14 v3.01 AMS symbols A
)
LaTeX Font Info:    Try loading font information for U+msb on input line 83.

("C:\Users\Aron\AppData\Local\Programs\MiKTeX 2.9\tex/latex/amsfonts\umsb.fd"
File: umsb.fd 2013/01/14 v3.01 AMS symbols B
)
Underfull \hbox (badness 10000) in paragraph at lines 96--98
[]\OT1/cmr/m/n/10 All the code and ma-te-rial for this re-
 []


Underfull \hbox (badness 6284) in paragraph at lines 96--98
\OT1/cmr/m/n/10 port is to be found in the github repos-i-tory:
 []


Overfull \hbox (2.9366pt too wide) detected at line 126
[]
 []

[1{C:/Users/Aron/AppData/Local/MiKTeX/2.9/pdftex/config/pdftex.map}]

Package hyperref Warning: Token not allowed in a PDF string (PDFDocEncoding):
(hyperref)                removing `math shift' on input line 168.


Package hyperref Warning: Token not allowed in a PDF string (PDFDocEncoding):
(hyperref)                removing `math shift' on input line 168.

<kfold.png, id=120, 2501.345pt x 1376.14125pt>
File: kfold.png Graphic file (type png)
<use kfold.png>
Package pdftex.def Info: kfold.png  used on input line 175.
(pdftex.def)             Requested size: 255.0pt x 140.28896pt.

Overfull \hbox (9.0pt too wide) in paragraph at lines 175--176
 [][] 
 []


Underfull \hbox (badness 7451) in paragraph at lines 176--176
[]\OT1/cmr/m/n/9 Figure 1. []Illustration of $\OML/cmm/m/it/9 K$\OT1/cmr/m/n/9 
-fold cross val-i-da-tion.
 []


Underfull \hbox (badness 10000) in paragraph at lines 176--176
\OT1/cmr/m/n/9 Source: https://miro.medium.com/max/6542/1*me-
 []

[2 <./kfold.png>]
<original_noise.png, id=137, 462.528pt x 346.896pt>
File: original_noise.png Graphic file (type png)
<use original_noise.png>
Package pdftex.def Info: original_noise.png  used on input line 220.
(pdftex.def)             Requested size: 255.0pt x 191.25389pt.

Overfull \hbox (9.0pt too wide) in paragraph at lines 220--221
 [][] 
 []


LaTeX Warning: `h' float specifier changed to `ht'.


LaTeX Warning: `h' float specifier changed to `ht'.

<OLS_mse.png, id=147, 462.528pt x 344.0052pt>
File: OLS_mse.png Graphic file (type png)
<use OLS_mse.png>
Package pdftex.def Info: OLS_mse.png  used on input line 279.
(pdftex.def)             Requested size: 255.0pt x 189.66011pt.

Overfull \hbox (9.0pt too wide) in paragraph at lines 279--280
 [][] 
 []


LaTeX Warning: `h' float specifier changed to `ht'.

<RIDGE_mse.png, id=148, 462.528pt x 344.0052pt>
File: RIDGE_mse.png Graphic file (type png)
<use RIDGE_mse.png>
Package pdftex.def Info: RIDGE_mse.png  used on input line 287.
(pdftex.def)             Requested size: 255.0pt x 189.66011pt.

Overfull \hbox (9.0pt too wide) in paragraph at lines 287--288
 [][] 
 []


LaTeX Warning: `h' float specifier changed to `ht'.

<LASSO_mse.png, id=149, 462.528pt x 344.0052pt>
File: LASSO_mse.png Graphic file (type png)
<use LASSO_mse.png>
Package pdftex.def Info: LASSO_mse.png  used on input line 294.
(pdftex.def)             Requested size: 255.0pt x 189.66011pt.

Overfull \hbox (9.0pt too wide) in paragraph at lines 294--295
 [][] 
 []


LaTeX Warning: `h' float specifier changed to `ht'.

[3 <./original_noise.png>]

LaTeX Warning: A float is stuck (cannot be placed); try class option [floatfix]
 on input line 306.


Overfull \hbox (0.6394pt too wide) in paragraph at lines 308--311
 []\OT1/cmr/m/n/10 https://www.uio.no/studier/emner/matnat/astro/
 []

<OLS_deg0.png, id=165, 462.528pt x 346.896pt>
File: OLS_deg0.png Graphic file (type png)
<use OLS_deg0.png>
Package pdftex.def Info: OLS_deg0.png  used on input line 316.
(pdftex.def)             Requested size: 255.0pt x 191.25389pt.

Overfull \hbox (9.0pt too wide) in paragraph at lines 316--317
 [][] 
 []


LaTeX Warning: `h' float specifier changed to `ht'.

<OLS_deg1.png, id=166, 462.528pt x 346.896pt>
File: OLS_deg1.png Graphic file (type png)
<use OLS_deg1.png>
Package pdftex.def Info: OLS_deg1.png  used on input line 323.
(pdftex.def)             Requested size: 255.0pt x 191.25389pt.

Overfull \hbox (9.0pt too wide) in paragraph at lines 323--324
 [][] 
 []


LaTeX Warning: `h' float specifier changed to `ht'.

<OLS_deg2.png, id=167, 462.528pt x 346.896pt>
File: OLS_deg2.png Graphic file (type png)
<use OLS_deg2.png>
Package pdftex.def Info: OLS_deg2.png  used on input line 330.
(pdftex.def)             Requested size: 255.0pt x 191.25389pt.

Overfull \hbox (9.0pt too wide) in paragraph at lines 330--331
 [][] 
 []


LaTeX Warning: `h' float specifier changed to `ht'.

<OLS_deg3.png, id=168, 462.528pt x 346.896pt>
File: OLS_deg3.png Graphic file (type png)
<use OLS_deg3.png>
Package pdftex.def Info: OLS_deg3.png  used on input line 337.
(pdftex.def)             Requested size: 255.0pt x 191.25389pt.

Overfull \hbox (9.0pt too wide) in paragraph at lines 337--338
 [][] 
 []


LaTeX Warning: `h' float specifier changed to `ht'.

<OLS_deg4.png, id=169, 462.528pt x 346.896pt>
File: OLS_deg4.png Graphic file (type png)
<use OLS_deg4.png>
Package pdftex.def Info: OLS_deg4.png  used on input line 344.
(pdftex.def)             Requested size: 255.0pt x 191.25389pt.

Overfull \hbox (9.0pt too wide) in paragraph at lines 344--345
 [][] 
 []


LaTeX Warning: `h' float specifier changed to `ht'.

<OLS_deg5.png, id=170, 462.528pt x 346.896pt>
File: OLS_deg5.png Graphic file (type png)
<use OLS_deg5.png>
Package pdftex.def Info: OLS_deg5.png  used on input line 351.
(pdftex.def)             Requested size: 255.0pt x 191.25389pt.

Overfull \hbox (9.0pt too wide) in paragraph at lines 351--352
 [][] 
 []


LaTeX Warning: `h' float specifier changed to `ht'.

No file report_1.bbl.
[4 <./OLS_mse.png> <./RIDGE_mse.png>] [5 <./LASSO_mse.png> <./OLS_deg0.png>]
[6 <./OLS_deg1.png> <./OLS_deg2.png>] [7 <./OLS_deg3.png> <./OLS_deg4.png>]
[8 <./OLS_deg5.png>]
Package atveryend Info: Empty hook `AfterLastShipout' on input line 357.
 (report_1.aux)
Package atveryend Info: Executing hook `AtVeryEndDocument' on input line 357.
Package atveryend Info: Executing hook `AtEndAfterFileList' on input line 357.
Package rerunfilecheck Info: File `report_1.out' has not changed.
(rerunfilecheck)             Checksum: 85C966081658890064BDC9666A6880E4;1316.
 ) 
Here is how much of TeX's memory you used:
 32336 strings out of 492942
 616483 string characters out of 3126540
 862249 words of memory out of 3000000
 35779 multiletter control sequences out of 15000+200000
 545042 words of font info for 72 fonts, out of 3000000 for 9000
 1141 hyphenation exceptions out of 8191
 55i,14n,63p,2422b,807s stack positions out of 5000i,500n,10000p,200000b,50000s
<C:/Users/Aron/AppData/Local/Programs/MiKTeX 2.9/fonts/type1/public/amsfonts/
cm/cmbx10.pfb><C:/Users/Aron/AppData/Local/Programs/MiKTeX 2.9/fonts/type1/publ
ic/amsfonts/cm/cmbx12.pfb><C:/Users/Aron/AppData/Local/Programs/MiKTeX 2.9/font
s/type1/public/amsfonts/cm/cmbx9.pfb><C:/Users/Aron/AppData/Local/Programs/MiKT
eX 2.9/fonts/type1/public/amsfonts/cm/cmex10.pfb><C:/Users/Aron/AppData/Local/P
rograms/MiKTeX 2.9/fonts/type1/public/amsfonts/cm/cmmi10.pfb><C:/Users/Aron/App
Data/Local/Programs/MiKTeX 2.9/fonts/type1/public/amsfonts/cm/cmmi7.pfb><C:/Use
rs/Aron/AppData/Local/Programs/MiKTeX 2.9/fonts/type1/public/amsfonts/cm/cmmi9.
pfb><C:/Users/Aron/AppData/Local/Programs/MiKTeX 2.9/fonts/type1/public/amsfont
s/cm/cmmib10.pfb><C:/Users/Aron/AppData/Local/Programs/MiKTeX 2.9/fonts/type1/p
ublic/amsfonts/cmextra/cmmib9.pfb><C:/Users/Aron/AppData/Local/Programs/MiKTeX 
2.9/fonts/type1/public/amsfonts/cm/cmr10.pfb><C:/Users/Aron/AppData/Local/Progr
ams/MiKTeX 2.9/fonts/type1/public/amsfonts/cm/cmr7.pfb><C:/Users/Aron/AppData/L
ocal/Programs/MiKTeX 2.9/fonts/type1/public/amsfonts/cm/cmr9.pfb><C:/Users/Aron
/AppData/Local/Programs/MiKTeX 2.9/fonts/type1/public/amsfonts/cm/cmsy10.pfb><C
:/Users/Aron/AppData/Local/Programs/MiKTeX 2.9/fonts/type1/public/amsfonts/cm/c
msy7.pfb><C:/Users/Aron/AppData/Local/Programs/MiKTeX 2.9/fonts/type1/public/am
sfonts/cm/cmsy9.pfb><C:/Users/Aron/AppData/Local/Programs/MiKTeX 2.9/fonts/type
1/public/amsfonts/cm/cmti9.pfb><C:/Users/Aron/AppData/Local/Programs/MiKTeX 2.9
/fonts/type1/public/amsfonts/cm/cmtt10.pfb>
Output written on report_1.pdf (8 pages, 762118 bytes).
PDF statistics:
 274 PDF objects out of 1000 (max. 8388607)
 52 named destinations out of 1000 (max. 500000)
 236 words of extra memory for PDF output out of 10000 (max. 10000000)

