\BOOKMARK [0][-]{section*.2}{Regression Analysis of a Bivariate Function}{}% 2
\BOOKMARK [1][-]{section*.1}{Abstract}{section*.2}% 1
\BOOKMARK [1][-]{section*.3}{Introduction}{section*.2}% 3
\BOOKMARK [1][-]{section*.4}{Theory}{section*.2}% 4
\BOOKMARK [2][-]{section*.5}{Regression Methods}{section*.4}% 5
\BOOKMARK [3][-]{section*.6}{Ordinary Least Squares}{section*.5}% 6
\BOOKMARK [3][-]{section*.7}{Ridge}{section*.5}% 7
\BOOKMARK [3][-]{section*.8}{LASSO}{section*.5}% 8
\BOOKMARK [2][-]{section*.9}{Resampling Methods}{section*.4}% 9
\BOOKMARK [3][-]{section*.10}{Train-Test Split}{section*.9}% 10
\BOOKMARK [3][-]{section*.11}{K-Fold Cross Validation}{section*.9}% 11
\BOOKMARK [2][-]{section*.12}{Model Evaluation}{section*.4}% 12
\BOOKMARK [2][-]{section*.13}{Bias-Variance Tradeoff}{section*.4}% 13
\BOOKMARK [1][-]{section*.14}{Method}{section*.2}% 14
\BOOKMARK [2][-]{section*.15}{Franke Function}{section*.14}% 15
\BOOKMARK [3][-]{section*.16}{Regression: OLS}{section*.15}% 16
\BOOKMARK [3][-]{section*.17}{Regression: Ridge}{section*.15}% 17
\BOOKMARK [3][-]{section*.18}{Regression: LASSO}{section*.15}% 18
\BOOKMARK [1][-]{section*.19}{Results}{section*.2}% 19
\BOOKMARK [1][-]{section*.20}{Conclusion}{section*.2}% 20
\BOOKMARK [1][-]{section*.21}{References}{section*.2}% 21
